<?xml version="1.0" encoding="UTF-8"?>
<!-- Generated by org.testng.reporters.JUnitReportReporter -->
<testsuite skipped="0" hostname="KIRTIDEEP" name="ust.global.project.khela.NewTest" tests="1" failures="0" timestamp="29 Oct 2017 11:32:18 GMT" time="20.170" errors="0">
  <testcase name="f" time="20.170" classname="ust.global.project.khela.NewTest"/>
</testsuite> <!-- ust.global.project.khela.NewTest -->
