<?xml version="1.0" encoding="UTF-8"?>
<testsuite xmlns:xsi="http://www.w3.org/2001/XMLSchema-instance" xsi:noNamespaceSchemaLocation="https://maven.apache.org/surefire/maven-surefire-plugin/xsd/surefire-test-report.xsd" name="TestSuite" time="20.806" tests="1" errors="0" skipped="0" failures="0">
  <properties>
    <property name="sun.desktop" value="windows"/>
    <property name="awt.toolkit" value="sun.awt.windows.WToolkit"/>
    <property name="file.encoding.pkg" value="sun.io"/>
    <property name="java.specification.version" value="1.8"/>
    <property name="sun.cpu.isalist" value="amd64"/>
    <property name="sun.jnu.encoding" value="Cp1252"/>
    <property name="java.class.path" value="F:\Selenium\ust.global.project.khela\target\test-classes;F:\Selenium\ust.global.project.khela\target\classes;C:\Users\Judu\.m2\repository\org\testng\testng\6.11\testng-6.11.jar;C:\Users\Judu\.m2\repository\com\beust\jcommander\1.64\jcommander-1.64.jar;C:\Users\Judu\.m2\repository\org\yaml\snakeyaml\1.17\snakeyaml-1.17.jar;C:\Users\Judu\.m2\repository\org\seleniumhq\selenium\selenium-java\3.6.0\selenium-java-3.6.0.jar;C:\Users\Judu\.m2\repository\org\seleniumhq\selenium\selenium-api\3.6.0\selenium-api-3.6.0.jar;C:\Users\Judu\.m2\repository\org\seleniumhq\selenium\selenium-chrome-driver\3.6.0\selenium-chrome-driver-3.6.0.jar;C:\Users\Judu\.m2\repository\org\seleniumhq\selenium\selenium-edge-driver\3.6.0\selenium-edge-driver-3.6.0.jar;C:\Users\Judu\.m2\repository\org\seleniumhq\selenium\selenium-firefox-driver\3.6.0\selenium-firefox-driver-3.6.0.jar;C:\Users\Judu\.m2\repository\org\seleniumhq\selenium\selenium-ie-driver\3.6.0\selenium-ie-driver-3.6.0.jar;C:\Users\Judu\.m2\repository\org\seleniumhq\selenium\selenium-opera-driver\3.6.0\selenium-opera-driver-3.6.0.jar;C:\Users\Judu\.m2\repository\org\seleniumhq\selenium\selenium-remote-driver\3.6.0\selenium-remote-driver-3.6.0.jar;C:\Users\Judu\.m2\repository\org\seleniumhq\selenium\selenium-safari-driver\3.6.0\selenium-safari-driver-3.6.0.jar;C:\Users\Judu\.m2\repository\org\seleniumhq\selenium\selenium-support\3.6.0\selenium-support-3.6.0.jar;C:\Users\Judu\.m2\repository\net\bytebuddy\byte-buddy\1.7.5\byte-buddy-1.7.5.jar;C:\Users\Judu\.m2\repository\org\apache\commons\commons-exec\1.3\commons-exec-1.3.jar;C:\Users\Judu\.m2\repository\commons-codec\commons-codec\1.10\commons-codec-1.10.jar;C:\Users\Judu\.m2\repository\commons-logging\commons-logging\1.2\commons-logging-1.2.jar;C:\Users\Judu\.m2\repository\com\google\code\gson\gson\2.8.0\gson-2.8.0.jar;C:\Users\Judu\.m2\repository\com\google\guava\guava\23.0\guava-23.0.jar;C:\Users\Judu\.m2\repository\com\google\code\findbugs\jsr305\1.3.9\jsr305-1.3.9.jar;C:\Users\Judu\.m2\repository\com\google\errorprone\error_prone_annotations\2.0.18\error_prone_annotations-2.0.18.jar;C:\Users\Judu\.m2\repository\com\google\j2objc\j2objc-annotations\1.1\j2objc-annotations-1.1.jar;C:\Users\Judu\.m2\repository\org\codehaus\mojo\animal-sniffer-annotations\1.14\animal-sniffer-annotations-1.14.jar;C:\Users\Judu\.m2\repository\org\apache\httpcomponents\httpclient\4.5.3\httpclient-4.5.3.jar;C:\Users\Judu\.m2\repository\org\apache\httpcomponents\httpcore\4.4.6\httpcore-4.4.6.jar;C:\Users\Judu\.m2\repository\net\java\dev\jna\jna\4.1.0\jna-4.1.0.jar;C:\Users\Judu\.m2\repository\net\java\dev\jna\jna-platform\4.1.0\jna-platform-4.1.0.jar;C:\Users\Judu\.m2\repository\org\apache\poi\poi\3.17\poi-3.17.jar;C:\Users\Judu\.m2\repository\org\apache\commons\commons-collections4\4.1\commons-collections4-4.1.jar;C:\Users\Judu\.m2\repository\org\apache\maven\surefire\surefire-testng-utils\2.20.1\surefire-testng-utils-2.20.1.jar;C:\Users\Judu\.m2\repository\org\apache\maven\surefire\surefire-grouper\2.20.1\surefire-grouper-2.20.1.jar;"/>
    <property name="java.vm.vendor" value="Oracle Corporation"/>
    <property name="sun.arch.data.model" value="64"/>
    <property name="user.variant" value=""/>
    <property name="java.vendor.url" value="http://java.oracle.com/"/>
    <property name="user.timezone" value=""/>
    <property name="java.vm.specification.version" value="1.8"/>
    <property name="os.name" value="Windows 10"/>
    <property name="user.country" value="IN"/>
    <property name="sun.java.launcher" value="SUN_STANDARD"/>
    <property name="sun.boot.library.path" value="C:\Program Files\Java\jre1.8.0_121\bin"/>
    <property name="sun.java.command" value="C:\Users\Judu\AppData\Local\Temp\surefire4699926782475619434\surefirebooter453884535177648585.jar C:\Users\Judu\AppData\Local\Temp\surefire4699926782475619434 2017-10-29T17-01-56_112-jvmRun1 surefire2924716199465443012tmp surefire_0506164133977311829tmp"/>
    <property name="surefire.test.class.path" value="F:\Selenium\ust.global.project.khela\target\test-classes;F:\Selenium\ust.global.project.khela\target\classes;C:\Users\Judu\.m2\repository\org\testng\testng\6.11\testng-6.11.jar;C:\Users\Judu\.m2\repository\com\beust\jcommander\1.64\jcommander-1.64.jar;C:\Users\Judu\.m2\repository\org\yaml\snakeyaml\1.17\snakeyaml-1.17.jar;C:\Users\Judu\.m2\repository\org\seleniumhq\selenium\selenium-java\3.6.0\selenium-java-3.6.0.jar;C:\Users\Judu\.m2\repository\org\seleniumhq\selenium\selenium-api\3.6.0\selenium-api-3.6.0.jar;C:\Users\Judu\.m2\repository\org\seleniumhq\selenium\selenium-chrome-driver\3.6.0\selenium-chrome-driver-3.6.0.jar;C:\Users\Judu\.m2\repository\org\seleniumhq\selenium\selenium-edge-driver\3.6.0\selenium-edge-driver-3.6.0.jar;C:\Users\Judu\.m2\repository\org\seleniumhq\selenium\selenium-firefox-driver\3.6.0\selenium-firefox-driver-3.6.0.jar;C:\Users\Judu\.m2\repository\org\seleniumhq\selenium\selenium-ie-driver\3.6.0\selenium-ie-driver-3.6.0.jar;C:\Users\Judu\.m2\repository\org\seleniumhq\selenium\selenium-opera-driver\3.6.0\selenium-opera-driver-3.6.0.jar;C:\Users\Judu\.m2\repository\org\seleniumhq\selenium\selenium-remote-driver\3.6.0\selenium-remote-driver-3.6.0.jar;C:\Users\Judu\.m2\repository\org\seleniumhq\selenium\selenium-safari-driver\3.6.0\selenium-safari-driver-3.6.0.jar;C:\Users\Judu\.m2\repository\org\seleniumhq\selenium\selenium-support\3.6.0\selenium-support-3.6.0.jar;C:\Users\Judu\.m2\repository\net\bytebuddy\byte-buddy\1.7.5\byte-buddy-1.7.5.jar;C:\Users\Judu\.m2\repository\org\apache\commons\commons-exec\1.3\commons-exec-1.3.jar;C:\Users\Judu\.m2\repository\commons-codec\commons-codec\1.10\commons-codec-1.10.jar;C:\Users\Judu\.m2\repository\commons-logging\commons-logging\1.2\commons-logging-1.2.jar;C:\Users\Judu\.m2\repository\com\google\code\gson\gson\2.8.0\gson-2.8.0.jar;C:\Users\Judu\.m2\repository\com\google\guava\guava\23.0\guava-23.0.jar;C:\Users\Judu\.m2\repository\com\google\code\findbugs\jsr305\1.3.9\jsr305-1.3.9.jar;C:\Users\Judu\.m2\repository\com\google\errorprone\error_prone_annotations\2.0.18\error_prone_annotations-2.0.18.jar;C:\Users\Judu\.m2\repository\com\google\j2objc\j2objc-annotations\1.1\j2objc-annotations-1.1.jar;C:\Users\Judu\.m2\repository\org\codehaus\mojo\animal-sniffer-annotations\1.14\animal-sniffer-annotations-1.14.jar;C:\Users\Judu\.m2\repository\org\apache\httpcomponents\httpclient\4.5.3\httpclient-4.5.3.jar;C:\Users\Judu\.m2\repository\org\apache\httpcomponents\httpcore\4.4.6\httpcore-4.4.6.jar;C:\Users\Judu\.m2\repository\net\java\dev\jna\jna\4.1.0\jna-4.1.0.jar;C:\Users\Judu\.m2\repository\net\java\dev\jna\jna-platform\4.1.0\jna-platform-4.1.0.jar;C:\Users\Judu\.m2\repository\org\apache\poi\poi\3.17\poi-3.17.jar;C:\Users\Judu\.m2\repository\org\apache\commons\commons-collections4\4.1\commons-collections4-4.1.jar;C:\Users\Judu\.m2\repository\org\apache\maven\surefire\surefire-testng-utils\2.20.1\surefire-testng-utils-2.20.1.jar;C:\Users\Judu\.m2\repository\org\apache\maven\surefire\surefire-grouper\2.20.1\surefire-grouper-2.20.1.jar;"/>
    <property name="sun.cpu.endian" value="little"/>
    <property name="user.home" value="C:\Users\Judu"/>
    <property name="user.language" value="en"/>
    <property name="java.specification.vendor" value="Oracle Corporation"/>
    <property name="java.home" value="C:\Program Files\Java\jre1.8.0_121"/>
    <property name="basedir" value="F:\Selenium\ust.global.project.khela"/>
    <property name="file.separator" value="\"/>
    <property name="line.separator" value="&#10;"/>
    <property name="java.vm.specification.vendor" value="Oracle Corporation"/>
    <property name="java.specification.name" value="Java Platform API Specification"/>
    <property name="java.awt.graphicsenv" value="sun.awt.Win32GraphicsEnvironment"/>
    <property name="surefire.real.class.path" value="C:\Users\Judu\AppData\Local\Temp\surefire4699926782475619434\surefirebooter453884535177648585.jar"/>
    <property name="sun.boot.class.path" value="C:\Program Files\Java\jre1.8.0_121\lib\resources.jar;C:\Program Files\Java\jre1.8.0_121\lib\rt.jar;C:\Program Files\Java\jre1.8.0_121\lib\sunrsasign.jar;C:\Program Files\Java\jre1.8.0_121\lib\jsse.jar;C:\Program Files\Java\jre1.8.0_121\lib\jce.jar;C:\Program Files\Java\jre1.8.0_121\lib\charsets.jar;C:\Program Files\Java\jre1.8.0_121\lib\jfr.jar;C:\Program Files\Java\jre1.8.0_121\classes"/>
    <property name="user.script" value=""/>
    <property name="sun.management.compiler" value="HotSpot 64-Bit Tiered Compilers"/>
    <property name="java.runtime.version" value="1.8.0_121-b13"/>
    <property name="user.name" value="Judu"/>
    <property name="path.separator" value=";"/>
    <property name="os.version" value="10.0"/>
    <property name="java.endorsed.dirs" value="C:\Program Files\Java\jre1.8.0_121\lib\endorsed"/>
    <property name="java.runtime.name" value="Java(TM) SE Runtime Environment"/>
    <property name="file.encoding" value="Cp1252"/>
    <property name="java.vm.name" value="Java HotSpot(TM) 64-Bit Server VM"/>
    <property name="localRepository" value="C:\Users\Judu\.m2\repository"/>
    <property name="java.vendor.url.bug" value="http://bugreport.sun.com/bugreport/"/>
    <property name="java.io.tmpdir" value="C:\Users\Judu\AppData\Local\Temp\"/>
    <property name="java.version" value="1.8.0_121"/>
    <property name="user.dir" value="F:\Selenium\ust.global.project.khela"/>
    <property name="os.arch" value="amd64"/>
    <property name="java.vm.specification.name" value="Java Virtual Machine Specification"/>
    <property name="java.awt.printerjob" value="sun.awt.windows.WPrinterJob"/>
    <property name="sun.os.patch.level" value=""/>
    <property name="java.library.path" value="C:\Program Files\Java\jre1.8.0_121\bin;C:\WINDOWS\Sun\Java\bin;C:\WINDOWS\system32;C:\WINDOWS;C:\ProgramData\Oracle\Java\javapath;F:\oracle\product\10.2.0\db_3\bin;F:\oracle\product\10.2.0\db_2\bin;F:\oracle\product\10.2.0\db_1\bin;C:\Program Files (x86)\Intel\iCLS Client\;C:\Program Files\Intel\iCLS Client\;C:\Program Files (x86)\AMD APP\bin\x86_64;C:\Program Files (x86)\AMD APP\bin\x86;C:\WINDOWS\system32;C:\WINDOWS;C:\WINDOWS\System32\Wbem;C:\WINDOWS\System32\WindowsPowerShell\v1.0\;C:\Program Files (x86)\ATI Technologies\ATI.ACE\Core-Static;C:\Program Files\Intel\Intel(R) Management Engine Components\DAL;C:\Program Files\Intel\Intel(R) Management Engine Components\IPT;C:\Program Files (x86)\Intel\Intel(R) Management Engine Components\DAL;C:\Program Files (x86)\Intel\Intel(R) Management Engine Components\IPT;C:\Program Files\Sony\VAIO Improvement\;C:\Program Files (x86)\Sony\VAIO Startup Setting Tool;C:\Program Files\Java\jdk1.8.0_121\bin;C:\Program Files (x86)\Git\cmd;C:\Users\Judu\Desktop\maven\apache-maven-3.5.2-bin\apache-maven-3.5.2\bin;C:\Users\Judu\AppData\Local\Microsoft\WindowsApps;."/>
    <property name="java.vm.info" value="mixed mode"/>
    <property name="java.vendor" value="Oracle Corporation"/>
    <property name="java.vm.version" value="25.121-b13"/>
    <property name="java.ext.dirs" value="C:\Program Files\Java\jre1.8.0_121\lib\ext;C:\WINDOWS\Sun\Java\lib\ext"/>
    <property name="sun.io.unicode.encoding" value="UnicodeLittle"/>
    <property name="java.class.version" value="52.0"/>
  </properties>
  <testcase name="f" classname="ust.global.project.khela.NewTest" time="20.17"/>
</testsuite>